<?xml version="1.0" encoding="UTF-8"?>
<!-- Generated by org.testng.reporters.JUnitXMLReporter -->
<testsuite ignored="2" hostname="DESKTOP-FEQ3OA0" failures="1" tests="1" name="Default test(failed)" time="0.05" errors="0" timestamp="2022-12-10T10:12:42 IST">
  <testcase classname="week2.day1.Testcase1" name="testcase2" time="0.01">
    <failure type="java.lang.AssertionError" message="expected [true] but found [false]">
      <![CDATA[java.lang.AssertionError: expected [true] but found [false]
at week2.day1.Testcase1.testcase2(Testcase1.java:18)
at java.base/java.util.ArrayList.forEach(ArrayList.java:1510)
... Removed 33 stack frames]]>
    </failure>
  </testcase> <!-- testcase2 -->
  <testcase classname="week2.day1.Testcase1" name="testcase1" time="0.0">
    <ignored/>
  </testcase> <!-- testcase1 -->
  <testcase classname="week2.day1.Testcase1" name="testcase3" time="0.0">
    <ignored/>
  </testcase> <!-- testcase3 -->
</testsuite> <!-- Default test(failed) -->
