<?xml version="1.0" encoding="UTF-8"?>
<!-- Generated by org.testng.reporters.JUnitXMLReporter -->
<testsuite ignored="1" hostname="DESKTOP-FEQ3OA0" failures="2" tests="8" name="Test(failed)" time="0.071" errors="0" timestamp="2022-12-10T11:19:53 IST">
  <testcase classname="week2.day1.Testcase1" name="testcase2" time="0.009">
    <skipped/>
  </testcase> <!-- testcase2 -->
  <testcase classname="week2.day1.Testcase1" name="testcase2" time="0.001">
    <skipped/>
  </testcase> <!-- testcase2 -->
  <testcase classname="week2.day1.Testcase1" name="testcase2" time="0.001">
    <skipped/>
  </testcase> <!-- testcase2 -->
  <testcase classname="week2.day1.Testcase1" name="testcase2" time="0.001">
    <failure type="java.lang.AssertionError" message="expected [true] but found [false]">
      <![CDATA[java.lang.AssertionError: expected [true] but found [false]
at week2.day1.Testcase1.testcase2(Testcase1.java:19)
at java.base/java.util.ArrayList.forEach(ArrayList.java:1510)
... Removed 33 stack frames]]>
    </failure>
  </testcase> <!-- testcase2 -->
  <testcase classname="week2.day1.Testcase1" name="testcase1" time="0.001">
    <skipped/>
  </testcase> <!-- testcase1 -->
  <testcase classname="week2.day1.Testcase1" name="testcase1" time="0.001">
    <skipped/>
  </testcase> <!-- testcase1 -->
  <testcase classname="week2.day1.Testcase1" name="testcase1" time="0.002">
    <skipped/>
  </testcase> <!-- testcase1 -->
  <testcase classname="week2.day1.Testcase1" name="testcase1" time="0.002">
    <failure type="java.lang.AssertionError" message="expected [true] but found [false]">
      <![CDATA[java.lang.AssertionError: expected [true] but found [false]
at week2.day1.Testcase1.testcase1(Testcase1.java:11)
at java.base/java.util.ArrayList.forEach(ArrayList.java:1510)
... Removed 33 stack frames]]>
    </failure>
  </testcase> <!-- testcase1 -->
  <testcase classname="week2.day1.Testcase1" name="testcase3" time="0.0">
    <ignored/>
  </testcase> <!-- testcase3 -->
</testsuite> <!-- Test(failed) -->
